
[start_telegram_poller] launching background poller
[telegram_poll] loop started pid=17208 timeout=10s
Traceback (most recent call last):
  File "C:\Users\oh390\OneDrive\№ЩЕБ Иӯёй\әОАЪөЗұвЗБ·ОБ§Ж®\scripts\poll_telegram_once.py", line 91, in <module>
    clear_poller_pid()
    ^^
  File "C:\Users\oh390\OneDrive\№ЩЕБ Иӯёй\әОАЪөЗұвЗБ·ОБ§Ж®\scripts\poll_telegram_once.py", line 81, in main
    offset = load_offset()
  File "C:\Users\oh390\OneDrive\№ЩЕБ Иӯёй\әОАЪөЗұвЗБ·ОБ§Ж®\scripts\poll_telegram_once.py", line 30, in _poll_batch
    next_offset = bot.poll_once(offset=offset, timeout_sec=timeout_sec)
  File "C:\Users\oh390\OneDrive\№ЩЕБ Иӯёй\әОАЪөЗұвЗБ·ОБ§Ж®\committee\adapters\telegram_bot.py", line 109, in poll_once
    updates = self._get_updates(offset)
  File "C:\Users\oh390\OneDrive\№ЩЕБ Иӯёй\әОАЪөЗұвЗБ·ОБ§Ж®\committee\adapters\telegram_bot.py", line 57, in _get_updates
    response.raise_for_status()
    ~~~~~~~~~~~~~~~~~~~~~~~~~^^
  File "C:\Users\oh390\AppData\Local\Packages\PythonSoftwareFoundation.Python.3.13_qbz5n2kfra8p0\LocalCache\local-packages\Python313\site-packages\requests\models.py", line 1026, in raise_for_status
    raise HTTPError(http_error_msg, response=self)
requests.exceptions.HTTPError: 409 Client Error: Conflict for url: https://api.telegram.org/bot8599466100:AAEfHWSl8U-RMXliLirjfcLY_8K_7hCdP1k/getUpdates?timeout=10&offset=347964957

[start_telegram_poller] launching background poller
[telegram_poll] loop started pid=26484 timeout=10s
[telegram_poll] processed updates, offset=347964958
[telegram_poll] processed updates, offset=347964959
[telegram_poll] loop_error: HTTPSConnectionPool(host='api.telegram.org', port=443): Read timed out. (read timeout=20)
[telegram_poll] loop_error: HTTPSConnectionPool(host='api.telegram.org', port=443): Read timed out. (read timeout=20)
[telegram_poll] processed updates, offset=347964960
[telegram_poll] processed updates, offset=347964961
[telegram_poll] loop_error: HTTPSConnectionPool(host='api.telegram.org', port=443): Read timed out. (read timeout=20)
[telegram_poll] loop_error: HTTPSConnectionPool(host='api.telegram.org', port=443): Read timed out. (read timeout=20)
[telegram_poll] loop_error: HTTPSConnectionPool(host='api.telegram.org', port=443): Read timed out. (read timeout=20)
[telegram_poll] loop_error: HTTPSConnectionPool(host='api.telegram.org', port=443): Read timed out. (read timeout=20)
[telegram_poll] loop_error: HTTPSConnectionPool(host='api.telegram.org', port=443): Read timed out. (read timeout=20)
[telegram_poll] loop_error: HTTPSConnectionPool(host='api.telegram.org', port=443): Read timed out. (read timeout=20)
[telegram_poll] loop_error: HTTPSConnectionPool(host='api.telegram.org', port=443): Read timed out. (read timeout=20)
[telegram_poll] loop_error: HTTPSConnectionPool(host='api.telegram.org', port=443): Read timed out. (read timeout=20)
[telegram_poll] loop_error: HTTPSConnectionPool(host='api.telegram.org', port=443): Read timed out. (read timeout=20)
[telegram_poll] loop_error: HTTPSConnectionPool(host='api.telegram.org', port=443): Read timed out. (read timeout=20)
[telegram_poll] loop_error: HTTPSConnectionPool(host='api.telegram.org', port=443): Read timed out. (read timeout=20)
[telegram_poll] loop_error: HTTPSConnectionPool(host='api.telegram.org', port=443): Read timed out. (read timeout=20)
[telegram_poll] loop_error: HTTPSConnectionPool(host='api.telegram.org', port=443): Read timed out. (read timeout=20)
[telegram_poll] loop_error: HTTPSConnectionPool(host='api.telegram.org', port=443): Read timed out. (read timeout=20)
[telegram_poll] loop_error: HTTPSConnectionPool(host='api.telegram.org', port=443): Read timed out. (read timeout=20)
[telegram_poll] loop_error: HTTPSConnectionPool(host='api.telegram.org', port=443): Read timed out. (read timeout=20)
[telegram_poll] loop_error: HTTPSConnectionPool(host='api.telegram.org', port=443): Read timed out. (read timeout=20)
[telegram_poll] loop_error: HTTPSConnectionPool(host='api.telegram.org', port=443): Read timed out. (read timeout=20)
[telegram_poll] loop_error: HTTPSConnectionPool(host='api.telegram.org', port=443): Read timed out. (read timeout=20)
[telegram_poll] loop_error: HTTPSConnectionPool(host='api.telegram.org', port=443): Read timed out. (read timeout=20)
[telegram_poll] loop_error: HTTPSConnectionPool(host='api.telegram.org', port=443): Read timed out. (read timeout=20)
[telegram_poll] loop_error: HTTPSConnectionPool(host='api.telegram.org', port=443): Read timed out. (read timeout=20)
[telegram_poll] loop_error: HTTPSConnectionPool(host='api.telegram.org', port=443): Read timed out. (read timeout=20)
[telegram_poll] loop_error: HTTPSConnectionPool(host='api.telegram.org', port=443): Read timed out. (read timeout=20)
[telegram_poll] loop_error: HTTPSConnectionPool(host='api.telegram.org', port=443): Read timed out. (read timeout=20)
[telegram_poll] loop_error: HTTPSConnectionPool(host='api.telegram.org', port=443): Read timed out. (read timeout=20)
[telegram_poll] loop_error: HTTPSConnectionPool(host='api.telegram.org', port=443): Read timed out. (read timeout=20)
[telegram_poll] loop_error: HTTPSConnectionPool(host='api.telegram.org', port=443): Read timed out. (read timeout=20)
[telegram_poll] loop_error: HTTPSConnectionPool(host='api.telegram.org', port=443): Read timed out. (read timeout=20)
[telegram_poll] loop_error: HTTPSConnectionPool(host='api.telegram.org', port=443): Read timed out. (read timeout=20)
[telegram_poll] loop_error: HTTPSConnectionPool(host='api.telegram.org', port=443): Read timed out. (read timeout=20)
[telegram_poll] loop_error: HTTPSConnectionPool(host='api.telegram.org', port=443): Read timed out. (read timeout=20)
[telegram_poll] loop_error: HTTPSConnectionPool(host='api.telegram.org', port=443): Read timed out. (read timeout=20)
[telegram_poll] loop_error: HTTPSConnectionPool(host='api.telegram.org', port=443): Read timed out. (read timeout=20)
[telegram_poll] loop_error: HTTPSConnectionPool(host='api.telegram.org', port=443): Read timed out. (read timeout=20)
[telegram_poll] loop_error: HTTPSConnectionPool(host='api.telegram.org', port=443): Read timed out. (read timeout=20)
[telegram_poll] loop_error: HTTPSConnectionPool(host='api.telegram.org', port=443): Read timed out. (read timeout=20)
[telegram_poll] loop_error: HTTPSConnectionPool(host='api.telegram.org', port=443): Read timed out. (read timeout=20)
[telegram_poll] loop_error: HTTPSConnectionPool(host='api.telegram.org', port=443): Read timed out. (read timeout=20)
[telegram_poll] loop_error: HTTPSConnectionPool(host='api.telegram.org', port=443): Read timed out. (read timeout=20)
[telegram_poll] loop_error: HTTPSConnectionPool(host='api.telegram.org', port=443): Read timed out. (read timeout=20)
[telegram_poll] loop_error: HTTPSConnectionPool(host='api.telegram.org', port=443): Read timed out. (read timeout=20)
[telegram_poll] loop_error: HTTPSConnectionPool(host='api.telegram.org', port=443): Read timed out. (read timeout=20)
[telegram_poll] loop_error: HTTPSConnectionPool(host='api.telegram.org', port=443): Read timed out. (read timeout=20)
[telegram_poll] loop_error: HTTPSConnectionPool(host='api.telegram.org', port=443): Read timed out. (read timeout=20)
[telegram_poll] loop_error: HTTPSConnectionPool(host='api.telegram.org', port=443): Read timed out. (read timeout=20)
[telegram_poll] loop_error: HTTPSConnectionPool(host='api.telegram.org', port=443): Read timed out. (read timeout=20)
[telegram_poll] loop_error: HTTPSConnectionPool(host='api.telegram.org', port=443): Read timed out. (read timeout=20)
[telegram_poll] loop_error: HTTPSConnectionPool(host='api.telegram.org', port=443): Read timed out. (read timeout=20)
[telegram_poll] loop_error: HTTPSConnectionPool(host='api.telegram.org', port=443): Read timed out. (read timeout=20)
[telegram_poll] loop_error: HTTPSConnectionPool(host='api.telegram.org', port=443): Read timed out. (read timeout=20)
[telegram_poll] loop_error: HTTPSConnectionPool(host='api.telegram.org', port=443): Read timed out. (read timeout=20)
[telegram_poll] loop_error: HTTPSConnectionPool(host='api.telegram.org', port=443): Read timed out. (read timeout=20)
[telegram_poll] loop_error: HTTPSConnectionPool(host='api.telegram.org', port=443): Read timed out. (read timeout=20)
[telegram_poll] loop_error: HTTPSConnectionPool(host='api.telegram.org', port=443): Read timed out. (read timeout=20)
[telegram_poll] loop_error: HTTPSConnectionPool(host='api.telegram.org', port=443): Read timed out. (read timeout=20)
[telegram_poll] loop_error: HTTPSConnectionPool(host='api.telegram.org', port=443): Read timed out. (read timeout=20)
[telegram_poll] loop_error: HTTPSConnectionPool(host='api.telegram.org', port=443): Read timed out. (read timeout=20)
[telegram_poll] loop_error: HTTPSConnectionPool(host='api.telegram.org', port=443): Read timed out. (read timeout=20)
[telegram_poll] loop_error: HTTPSConnectionPool(host='api.telegram.org', port=443): Read timed out. (read timeout=20)
[telegram_poll] loop_error: HTTPSConnectionPool(host='api.telegram.org', port=443): Read timed out. (read timeout=20)
[telegram] getUpdates conflict (409): another poller is active
[telegram_poll] loop_error: HTTPSConnectionPool(host='api.telegram.org', port=443): Read timed out. (read timeout=20)
[telegram_poll] loop_error: HTTPSConnectionPool(host='api.telegram.org', port=443): Read timed out. (read timeout=20)
[telegram_poll] loop_error: HTTPSConnectionPool(host='api.telegram.org', port=443): Read timed out. (read timeout=20)
[telegram_poll] loop_error: HTTPSConnectionPool(host='api.telegram.org', port=443): Read timed out. (read timeout=20)
[telegram_poll] loop_error: HTTPSConnectionPool(host='api.telegram.org', port=443): Read timed out. (read timeout=20)
[telegram_poll] loop_error: HTTPSConnectionPool(host='api.telegram.org', port=443): Read timed out. (read timeout=20)
[telegram_poll] loop_error: HTTPSConnectionPool(host='api.telegram.org', port=443): Read timed out. (read timeout=20)
[telegram_poll] loop_error: HTTPSConnectionPool(host='api.telegram.org', port=443): Read timed out. (read timeout=20)
[telegram_poll] loop_error: HTTPSConnectionPool(host='api.telegram.org', port=443): Read timed out. (read timeout=20)
[telegram_poll] loop_error: HTTPSConnectionPool(host='api.telegram.org', port=443): Read timed out. (read timeout=20)
[telegram_poll] loop_error: HTTPSConnectionPool(host='api.telegram.org', port=443): Read timed out. (read timeout=20)
[telegram_poll] loop_error: HTTPSConnectionPool(host='api.telegram.org', port=443): Read timed out. (read timeout=20)
[telegram_poll] loop_error: HTTPSConnectionPool(host='api.telegram.org', port=443): Read timed out. (read timeout=20)
[telegram_poll] loop_error: HTTPSConnectionPool(host='api.telegram.org', port=443): Read timed out. (read timeout=20)
[telegram_poll] loop_error: HTTPSConnectionPool(host='api.telegram.org', port=443): Read timed out. (read timeout=20)
[telegram_poll] loop_error: HTTPSConnectionPool(host='api.telegram.org', port=443): Read timed out. (read timeout=20)
[telegram_poll] loop_error: HTTPSConnectionPool(host='api.telegram.org', port=443): Read timed out. (read timeout=20)
[telegram_poll] loop_error: HTTPSConnectionPool(host='api.telegram.org', port=443): Read timed out. (read timeout=20)
[telegram_poll] loop_error: HTTPSConnectionPool(host='api.telegram.org', port=443): Read timed out. (read timeout=20)
[telegram_poll] loop_error: HTTPSConnectionPool(host='api.telegram.org', port=443): Read timed out. (read timeout=20)
[telegram_poll] loop_error: HTTPSConnectionPool(host='api.telegram.org', port=443): Read timed out. (read timeout=20)
[telegram_poll] loop_error: HTTPSConnectionPool(host='api.telegram.org', port=443): Read timed out. (read timeout=20)
[telegram_poll] loop_error: HTTPSConnectionPool(host='api.telegram.org', port=443): Read timed out. (read timeout=20)
[telegram_poll] loop_error: HTTPSConnectionPool(host='api.telegram.org', port=443): Read timed out. (read timeout=20)
[telegram_poll] loop_error: HTTPSConnectionPool(host='api.telegram.org', port=443): Read timed out. (read timeout=20)
[telegram_poll] loop_error: HTTPSConnectionPool(host='api.telegram.org', port=443): Read timed out. (read timeout=20)
[telegram_poll] loop_error: HTTPSConnectionPool(host='api.telegram.org', port=443): Read timed out. (read timeout=20)
[telegram_poll] loop_error: HTTPSConnectionPool(host='api.telegram.org', port=443): Read timed out. (read timeout=20)
[telegram_poll] loop_error: HTTPSConnectionPool(host='api.telegram.org', port=443): Read timed out. (read timeout=20)
[telegram_poll] loop_error: HTTPSConnectionPool(host='api.telegram.org', port=443): Read timed out. (read timeout=20)
[telegram_poll] loop_error: HTTPSConnectionPool(host='api.telegram.org', port=443): Read timed out. (read timeout=20)
[telegram_poll] loop_error: HTTPSConnectionPool(host='api.telegram.org', port=443): Read timed out. (read timeout=20)
[telegram_poll] loop_error: HTTPSConnectionPool(host='api.telegram.org', port=443): Read timed out. (read timeout=20)
[telegram_poll] loop_error: HTTPSConnectionPool(host='api.telegram.org', port=443): Read timed out. (read timeout=20)
[telegram_poll] loop_error: HTTPSConnectionPool(host='api.telegram.org', port=443): Read timed out. (read timeout=20)
[telegram_poll] loop_error: HTTPSConnectionPool(host='api.telegram.org', port=443): Read timed out. (read timeout=20)
[telegram_poll] loop_error: HTTPSConnectionPool(host='api.telegram.org', port=443): Read timed out. (read timeout=20)
[telegram_poll] loop_error: HTTPSConnectionPool(host='api.telegram.org', port=443): Read timed out. (read timeout=20)
[telegram_poll] loop_error: HTTPSConnectionPool(host='api.telegram.org', port=443): Read timed out. (read timeout=20)
[telegram_poll] loop_error: HTTPSConnectionPool(host='api.telegram.org', port=443): Read timed out. (read timeout=20)
[telegram_poll] loop_error: HTTPSConnectionPool(host='api.telegram.org', port=443): Read timed out. (read timeout=20)
[telegram_poll] loop_error: HTTPSConnectionPool(host='api.telegram.org', port=443): Read timed out. (read timeout=20)
[telegram_poll] loop_error: HTTPSConnectionPool(host='api.telegram.org', port=443): Read timed out. (read timeout=20)
[telegram_poll] loop_error: HTTPSConnectionPool(host='api.telegram.org', port=443): Read timed out. (read timeout=20)
[telegram_poll] loop_error: HTTPSConnectionPool(host='api.telegram.org', port=443): Read timed out. (read timeout=20)
[telegram_poll] loop_error: HTTPSConnectionPool(host='api.telegram.org', port=443): Read timed out. (read timeout=20)
[telegram_poll] loop_error: HTTPSConnectionPool(host='api.telegram.org', port=443): Read timed out. (read timeout=20)
[telegram_poll] loop_error: HTTPSConnectionPool(host='api.telegram.org', port=443): Read timed out. (read timeout=20)
[telegram_poll] loop_error: HTTPSConnectionPool(host='api.telegram.org', port=443): Read timed out. (read timeout=20)
[telegram_poll] loop_error: HTTPSConnectionPool(host='api.telegram.org', port=443): Read timed out. (read timeout=20)
[telegram_poll] loop_error: HTTPSConnectionPool(host='api.telegram.org', port=443): Read timed out. (read timeout=20)
[telegram_poll] loop_error: HTTPSConnectionPool(host='api.telegram.org', port=443): Read timed out. (read timeout=20)
[telegram_poll] loop_error: HTTPSConnectionPool(host='api.telegram.org', port=443): Read timed out. (read timeout=20)
[telegram_poll] loop_error: HTTPSConnectionPool(host='api.telegram.org', port=443): Read timed out. (read timeout=20)
[telegram_poll] loop_error: HTTPSConnectionPool(host='api.telegram.org', port=443): Read timed out. (read timeout=20)
[telegram_poll] loop_error: HTTPSConnectionPool(host='api.telegram.org', port=443): Read timed out. (read timeout=20)
[telegram_poll] loop_error: HTTPSConnectionPool(host='api.telegram.org', port=443): Read timed out. (read timeout=20)
[telegram_poll] loop_error: HTTPSConnectionPool(host='api.telegram.org', port=443): Read timed out. (read timeout=20)
[telegram_poll] loop_error: HTTPSConnectionPool(host='api.telegram.org', port=443): Read timed out. (read timeout=20)
[telegram_poll] loop_error: HTTPSConnectionPool(host='api.telegram.org', port=443): Read timed out. (read timeout=20)
[telegram_poll] loop_error: HTTPSConnectionPool(host='api.telegram.org', port=443): Read timed out. (read timeout=20)
[telegram_poll] loop_error: HTTPSConnectionPool(host='api.telegram.org', port=443): Read timed out. (read timeout=20)
[telegram_poll] loop_error: HTTPSConnectionPool(host='api.telegram.org', port=443): Read timed out. (read timeout=20)
[telegram_poll] loop_error: HTTPSConnectionPool(host='api.telegram.org', port=443): Read timed out. (read timeout=20)
[telegram_poll] loop_error: HTTPSConnectionPool(host='api.telegram.org', port=443): Read timed out. (read timeout=20)
[telegram_poll] loop_error: HTTPSConnectionPool(host='api.telegram.org', port=443): Read timed out. (read timeout=20)
[telegram_poll] loop_error: HTTPSConnectionPool(host='api.telegram.org', port=443): Read timed out. (read timeout=20)
[telegram_poll] loop_error: HTTPSConnectionPool(host='api.telegram.org', port=443): Read timed out. (read timeout=20)
[telegram_poll] loop_error: HTTPSConnectionPool(host='api.telegram.org', port=443): Read timed out. (read timeout=20)
[telegram_poll] loop_error: HTTPSConnectionPool(host='api.telegram.org', port=443): Read timed out. (read timeout=20)
[telegram_poll] loop_error: HTTPSConnectionPool(host='api.telegram.org', port=443): Read timed out. (read timeout=20)
[telegram_poll] loop_error: HTTPSConnectionPool(host='api.telegram.org', port=443): Read timed out. (read timeout=20)
[telegram_poll] loop_error: HTTPSConnectionPool(host='api.telegram.org', port=443): Read timed out. (read timeout=20)
[telegram_poll] loop_error: HTTPSConnectionPool(host='api.telegram.org', port=443): Read timed out. (read timeout=20)
[telegram_poll] loop_error: HTTPSConnectionPool(host='api.telegram.org', port=443): Read timed out. (read timeout=20)
[telegram_poll] loop_error: HTTPSConnectionPool(host='api.telegram.org', port=443): Read timed out. (read timeout=20)
[telegram_poll] loop_error: HTTPSConnectionPool(host='api.telegram.org', port=443): Read timed out. (read timeout=20)
[telegram_poll] loop_error: HTTPSConnectionPool(host='api.telegram.org', port=443): Read timed out. (read timeout=20)
[telegram_poll] loop_error: HTTPSConnectionPool(host='api.telegram.org', port=443): Read timed out. (read timeout=20)
[telegram_poll] loop_error: HTTPSConnectionPool(host='api.telegram.org', port=443): Read timed out. (read timeout=20)
[telegram_poll] loop_error: HTTPSConnectionPool(host='api.telegram.org', port=443): Read timed out. (read timeout=20)
[telegram_poll] loop_error: HTTPSConnectionPool(host='api.telegram.org', port=443): Read timed out. (read timeout=20)
[telegram_poll] loop_error: HTTPSConnectionPool(host='api.telegram.org', port=443): Read timed out. (read timeout=20)
[telegram_poll] loop_error: HTTPSConnectionPool(host='api.telegram.org', port=443): Read timed out. (read timeout=20)
[telegram_poll] loop_error: HTTPSConnectionPool(host='api.telegram.org', port=443): Read timed out. (read timeout=20)
[telegram_poll] loop_error: HTTPSConnectionPool(host='api.telegram.org', port=443): Read timed out. (read timeout=20)
[telegram_poll] loop_error: HTTPSConnectionPool(host='api.telegram.org', port=443): Read timed out. (read timeout=20)
[telegram_poll] loop_error: HTTPSConnectionPool(host='api.telegram.org', port=443): Read timed out. (read timeout=20)
[telegram_poll] loop_error: HTTPSConnectionPool(host='api.telegram.org', port=443): Read timed out. (read timeout=20)
[telegram_poll] loop_error: HTTPSConnectionPool(host='api.telegram.org', port=443): Read timed out. (read timeout=20)
[telegram_poll] loop_error: HTTPSConnectionPool(host='api.telegram.org', port=443): Read timed out. (read timeout=20)
[telegram_poll] loop_error: HTTPSConnectionPool(host='api.telegram.org', port=443): Read timed out. (read timeout=20)
[telegram_poll] loop_error: HTTPSConnectionPool(host='api.telegram.org', port=443): Read timed out. (read timeout=20)
[telegram_poll] loop_error: HTTPSConnectionPool(host='api.telegram.org', port=443): Read timed out. (read timeout=20)
[telegram_poll] loop_error: HTTPSConnectionPool(host='api.telegram.org', port=443): Read timed out. (read timeout=20)
[telegram_poll] loop_error: HTTPSConnectionPool(host='api.telegram.org', port=443): Read timed out. (read timeout=20)
[telegram_poll] loop_error: HTTPSConnectionPool(host='api.telegram.org', port=443): Read timed out. (read timeout=20)
[telegram_poll] loop_error: HTTPSConnectionPool(host='api.telegram.org', port=443): Read timed out. (read timeout=20)
[telegram_poll] loop_error: HTTPSConnectionPool(host='api.telegram.org', port=443): Read timed out. (read timeout=20)
[telegram_poll] loop_error: HTTPSConnectionPool(host='api.telegram.org', port=443): Read timed out. (read timeout=20)
[telegram_poll] loop_error: HTTPSConnectionPool(host='api.telegram.org', port=443): Read timed out. (read timeout=20)
[telegram_poll] loop_error: HTTPSConnectionPool(host='api.telegram.org', port=443): Read timed out. (read timeout=20)
[telegram_poll] loop_error: HTTPSConnectionPool(host='api.telegram.org', port=443): Read timed out. (read timeout=20)
[telegram_poll] loop_error: HTTPSConnectionPool(host='api.telegram.org', port=443): Read timed out. (read timeout=20)
[telegram_poll] loop_error: HTTPSConnectionPool(host='api.telegram.org', port=443): Read timed out. (read timeout=20)
[telegram_poll] loop_error: HTTPSConnectionPool(host='api.telegram.org', port=443): Read timed out. (read timeout=20)
[telegram_poll] loop_error: HTTPSConnectionPool(host='api.telegram.org', port=443): Read timed out. (read timeout=20)
[telegram_poll] loop_error: HTTPSConnectionPool(host='api.telegram.org', port=443): Read timed out. (read timeout=20)
[telegram_poll] loop_error: HTTPSConnectionPool(host='api.telegram.org', port=443): Read timed out. (read timeout=20)
[telegram_poll] loop_error: HTTPSConnectionPool(host='api.telegram.org', port=443): Read timed out. (read timeout=20)
[telegram_poll] loop_error: HTTPSConnectionPool(host='api.telegram.org', port=443): Read timed out. (read timeout=20)
[telegram_poll] loop_error: HTTPSConnectionPool(host='api.telegram.org', port=443): Read timed out. (read timeout=20)
[telegram_poll] loop_error: HTTPSConnectionPool(host='api.telegram.org', port=443): Read timed out. (read timeout=20)
[telegram_poll] loop_error: HTTPSConnectionPool(host='api.telegram.org', port=443): Read timed out. (read timeout=20)
[telegram_poll] loop_error: HTTPSConnectionPool(host='api.telegram.org', port=443): Read timed out. (read timeout=20)
[telegram_poll] loop_error: HTTPSConnectionPool(host='api.telegram.org', port=443): Read timed out. (read timeout=20)
[telegram_poll] loop_error: HTTPSConnectionPool(host='api.telegram.org', port=443): Read timed out. (read timeout=20)

[start_telegram_poller] launching background poller
[telegram_poll] loop started pid=19036 timeout=10s
[telegram] getUpdates conflict (409): another poller is active
[telegram_poll] loop_error: HTTPSConnectionPool(host='api.telegram.org', port=443): Read timed out. (read timeout=20)
[telegram_poll] loop_error: HTTPSConnectionPool(host='api.telegram.org', port=443): Read timed out. (read timeout=20)
[telegram_poll] loop_error: HTTPSConnectionPool(host='api.telegram.org', port=443): Read timed out. (read timeout=20)
[telegram_poll] loop_error: HTTPSConnectionPool(host='api.telegram.org', port=443): Read timed out. (read timeout=20)
[telegram_poll] loop_error: HTTPSConnectionPool(host='api.telegram.org', port=443): Read timed out. (read timeout=20)
[telegram_poll] loop_error: HTTPSConnectionPool(host='api.telegram.org', port=443): Read timed out. (read timeout=20)
[telegram_poll] loop_error: HTTPSConnectionPool(host='api.telegram.org', port=443): Read timed out. (read timeout=20)
[telegram_poll] loop_error: HTTPSConnectionPool(host='api.telegram.org', port=443): Read timed out. (read timeout=20)
[telegram_poll] loop_error: HTTPSConnectionPool(host='api.telegram.org', port=443): Read timed out. (read timeout=20)
[telegram_poll] loop_error: HTTPSConnectionPool(host='api.telegram.org', port=443): Read timed out. (read timeout=20)
[telegram_poll] loop_error: HTTPSConnectionPool(host='api.telegram.org', port=443): Read timed out. (read timeout=20)
[telegram_poll] loop_error: HTTPSConnectionPool(host='api.telegram.org', port=443): Read timed out. (read timeout=20)
[telegram_poll] loop_error: HTTPSConnectionPool(host='api.telegram.org', port=443): Read timed out. (read timeout=20)
[telegram_poll] loop_error: HTTPSConnectionPool(host='api.telegram.org', port=443): Read timed out. (read timeout=20)
[telegram_poll] loop_error: HTTPSConnectionPool(host='api.telegram.org', port=443): Read timed out. (read timeout=20)
[telegram_poll] loop_error: HTTPSConnectionPool(host='api.telegram.org', port=443): Read timed out. (read timeout=20)
[telegram_poll] loop_error: HTTPSConnectionPool(host='api.telegram.org', port=443): Read timed out. (read timeout=20)
[telegram_poll] loop_error: HTTPSConnectionPool(host='api.telegram.org', port=443): Read timed out. (read timeout=20)
[telegram_poll] loop_error: HTTPSConnectionPool(host='api.telegram.org', port=443): Read timed out. (read timeout=20)
[telegram_poll] loop_error: HTTPSConnectionPool(host='api.telegram.org', port=443): Read timed out. (read timeout=20)
[telegram_poll] loop_error: HTTPSConnectionPool(host='api.telegram.org', port=443): Read timed out. (read timeout=20)
[telegram_poll] loop_error: HTTPSConnectionPool(host='api.telegram.org', port=443): Read timed out. (read timeout=20)
[telegram_poll] loop_error: HTTPSConnectionPool(host='api.telegram.org', port=443): Max retries exceeded with url: /bot8599466100:AAEfHWSl8U-RMXliLirjfcLY_8K_7hCdP1k/getUpdates?timeout=10&offset=347964961 (Caused by ConnectTimeoutError(<HTTPSConnection(host='api.telegram.org', port=443) at 0x18d1dbb6990>, 'Connection to api.telegram.org timed out. (connect timeout=20)'))
[telegram_poll] loop_error: HTTPSConnectionPool(host='api.telegram.org', port=443): Read timed out. (read timeout=20)
[telegram_poll] loop_error: HTTPSConnectionPool(host='api.telegram.org', port=443): Read timed out. (read timeout=20)
[telegram_poll] loop_error: HTTPSConnectionPool(host='api.telegram.org', port=443): Read timed out. (read timeout=20)
[telegram_poll] loop_error: 502 Server Error: Bad Gateway for url: https://api.telegram.org/bot8599466100:AAEfHWSl8U-RMXliLirjfcLY_8K_7hCdP1k/getUpdates?timeout=10&offset=347964961
[telegram_poll] loop_error: 502 Server Error: Bad Gateway for url: https://api.telegram.org/bot8599466100:AAEfHWSl8U-RMXliLirjfcLY_8K_7hCdP1k/getUpdates?timeout=10&offset=347964961
[telegram_poll] loop_error: 502 Server Error: Bad Gateway for url: https://api.telegram.org/bot8599466100:AAEfHWSl8U-RMXliLirjfcLY_8K_7hCdP1k/getUpdates?timeout=10&offset=347964961
[telegram_poll] loop_error: HTTPSConnectionPool(host='api.telegram.org', port=443): Read timed out. (read timeout=20)
[telegram_poll] loop_error: HTTPSConnectionPool(host='api.telegram.org', port=443): Read timed out. (read timeout=20)
[telegram_poll] loop_error: HTTPSConnectionPool(host='api.telegram.org', port=443): Read timed out. (read timeout=20)
[telegram_poll] loop_error: HTTPSConnectionPool(host='api.telegram.org', port=443): Read timed out. (read timeout=20)
[telegram_poll] loop_error: HTTPSConnectionPool(host='api.telegram.org', port=443): Read timed out. (read timeout=20)
[telegram_poll] loop_error: HTTPSConnectionPool(host='api.telegram.org', port=443): Read timed out. (read timeout=20)
[telegram_poll] loop_error: HTTPSConnectionPool(host='api.telegram.org', port=443): Read timed out. (read timeout=20)
[telegram_poll] loop_error: HTTPSConnectionPool(host='api.telegram.org', port=443): Read timed out. (read timeout=20)
[telegram_poll] loop_error: HTTPSConnectionPool(host='api.telegram.org', port=443): Read timed out. (read timeout=20)
[telegram_poll] loop_error: HTTPSConnectionPool(host='api.telegram.org', port=443): Read timed out. (read timeout=20)
[telegram_poll] loop_error: HTTPSConnectionPool(host='api.telegram.org', port=443): Read timed out. (read timeout=20)
[telegram_poll] loop_error: HTTPSConnectionPool(host='api.telegram.org', port=443): Read timed out. (read timeout=20)
[telegram_poll] loop_error: HTTPSConnectionPool(host='api.telegram.org', port=443): Read timed out. (read timeout=20)
[telegram_poll] loop_error: HTTPSConnectionPool(host='api.telegram.org', port=443): Read timed out. (read timeout=20)
[telegram_poll] loop_error: HTTPSConnectionPool(host='api.telegram.org', port=443): Read timed out. (read timeout=20)
[telegram_poll] loop_error: HTTPSConnectionPool(host='api.telegram.org', port=443): Read timed out. (read timeout=20)
[telegram_poll] loop_error: HTTPSConnectionPool(host='api.telegram.org', port=443): Read timed out. (read timeout=20)
[telegram_poll] loop_error: HTTPSConnectionPool(host='api.telegram.org', port=443): Read timed out. (read timeout=20)
[telegram_poll] loop_error: HTTPSConnectionPool(host='api.telegram.org', port=443): Read timed out. (read timeout=20)
[telegram_poll] loop_error: HTTPSConnectionPool(host='api.telegram.org', port=443): Read timed out. (read timeout=20)
[telegram_poll] loop_error: HTTPSConnectionPool(host='api.telegram.org', port=443): Read timed out. (read timeout=20)
[telegram_poll] loop_error: HTTPSConnectionPool(host='api.telegram.org', port=443): Read timed out. (read timeout=20)
[telegram_poll] loop_error: HTTPSConnectionPool(host='api.telegram.org', port=443): Read timed out. (read timeout=20)
[telegram_poll] loop_error: HTTPSConnectionPool(host='api.telegram.org', port=443): Read timed out. (read timeout=20)
[telegram_poll] loop_error: HTTPSConnectionPool(host='api.telegram.org', port=443): Read timed out. (read timeout=20)
[telegram_poll] loop_error: HTTPSConnectionPool(host='api.telegram.org', port=443): Read timed out. (read timeout=20)
[telegram_poll] loop_error: HTTPSConnectionPool(host='api.telegram.org', port=443): Read timed out. (read timeout=20)
[telegram_poll] loop_error: HTTPSConnectionPool(host='api.telegram.org', port=443): Read timed out. (read timeout=20)
[telegram_poll] loop_error: HTTPSConnectionPool(host='api.telegram.org', port=443): Read timed out. (read timeout=20)
[telegram_poll] loop_error: HTTPSConnectionPool(host='api.telegram.org', port=443): Read timed out. (read timeout=20)
[telegram_poll] loop_error: HTTPSConnectionPool(host='api.telegram.org', port=443): Read timed out. (read timeout=20)
[telegram_poll] loop_error: HTTPSConnectionPool(host='api.telegram.org', port=443): Read timed out. (read timeout=20)
[telegram_poll] loop_error: HTTPSConnectionPool(host='api.telegram.org', port=443): Read timed out. (read timeout=20)
[telegram_poll] loop_error: HTTPSConnectionPool(host='api.telegram.org', port=443): Read timed out. (read timeout=20)
[telegram_poll] loop_error: HTTPSConnectionPool(host='api.telegram.org', port=443): Read timed out. (read timeout=20)
[telegram_poll] loop_error: HTTPSConnectionPool(host='api.telegram.org', port=443): Read timed out. (read timeout=20)
[telegram_poll] loop_error: HTTPSConnectionPool(host='api.telegram.org', port=443): Read timed out. (read timeout=20)
[telegram_poll] loop_error: HTTPSConnectionPool(host='api.telegram.org', port=443): Read timed out. (read timeout=20)
[telegram_poll] loop_error: HTTPSConnectionPool(host='api.telegram.org', port=443): Read timed out. (read timeout=20)
[telegram_poll] loop_error: HTTPSConnectionPool(host='api.telegram.org', port=443): Read timed out. (read timeout=20)
[telegram_poll] loop_error: HTTPSConnectionPool(host='api.telegram.org', port=443): Read timed out. (read timeout=20)
[telegram_poll] loop_error: HTTPSConnectionPool(host='api.telegram.org', port=443): Read timed out. (read timeout=20)
[telegram_poll] loop_error: HTTPSConnectionPool(host='api.telegram.org', port=443): Read timed out. (read timeout=20)
[telegram_poll] loop_error: HTTPSConnectionPool(host='api.telegram.org', port=443): Read timed out. (read timeout=20)
[telegram_poll] loop_error: HTTPSConnectionPool(host='api.telegram.org', port=443): Read timed out. (read timeout=20)
[telegram_poll] loop_error: HTTPSConnectionPool(host='api.telegram.org', port=443): Read timed out. (read timeout=20)
[telegram_poll] loop_error: HTTPSConnectionPool(host='api.telegram.org', port=443): Read timed out. (read timeout=20)
[telegram_poll] loop_error: HTTPSConnectionPool(host='api.telegram.org', port=443): Read timed out. (read timeout=20)
[telegram_poll] loop_error: HTTPSConnectionPool(host='api.telegram.org', port=443): Read timed out. (read timeout=20)
[telegram_poll] loop_error: HTTPSConnectionPool(host='api.telegram.org', port=443): Read timed out. (read timeout=20)
[telegram_poll] loop_error: HTTPSConnectionPool(host='api.telegram.org', port=443): Read timed out. (read timeout=20)
[telegram_poll] loop_error: HTTPSConnectionPool(host='api.telegram.org', port=443): Read timed out. (read timeout=20)
[telegram_poll] loop_error: HTTPSConnectionPool(host='api.telegram.org', port=443): Read timed out. (read timeout=20)
[telegram_poll] loop_error: HTTPSConnectionPool(host='api.telegram.org', port=443): Read timed out. (read timeout=20)
[telegram_poll] loop_error: HTTPSConnectionPool(host='api.telegram.org', port=443): Read timed out. (read timeout=20)
[telegram_poll] loop_error: HTTPSConnectionPool(host='api.telegram.org', port=443): Read timed out. (read timeout=20)
[telegram_poll] loop_error: HTTPSConnectionPool(host='api.telegram.org', port=443): Read timed out. (read timeout=20)
[telegram_poll] loop_error: HTTPSConnectionPool(host='api.telegram.org', port=443): Read timed out. (read timeout=20)
[telegram_poll] loop_error: HTTPSConnectionPool(host='api.telegram.org', port=443): Read timed out. (read timeout=20)
[telegram_poll] loop_error: HTTPSConnectionPool(host='api.telegram.org', port=443): Read timed out. (read timeout=20)
[telegram_poll] loop_error: HTTPSConnectionPool(host='api.telegram.org', port=443): Read timed out. (read timeout=20)
[telegram_poll] loop_error: HTTPSConnectionPool(host='api.telegram.org', port=443): Read timed out. (read timeout=20)
[telegram_poll] loop_error: HTTPSConnectionPool(host='api.telegram.org', port=443): Read timed out. (read timeout=20)
[telegram_poll] loop_error: HTTPSConnectionPool(host='api.telegram.org', port=443): Read timed out. (read timeout=20)
[telegram_poll] loop_error: HTTPSConnectionPool(host='api.telegram.org', port=443): Read timed out. (read timeout=20)
[telegram_poll] loop_error: HTTPSConnectionPool(host='api.telegram.org', port=443): Read timed out. (read timeout=20)
[telegram_poll] loop_error: HTTPSConnectionPool(host='api.telegram.org', port=443): Read timed out. (read timeout=20)
[telegram_poll] loop_error: HTTPSConnectionPool(host='api.telegram.org', port=443): Read timed out. (read timeout=20)
